<?xml version="1.0" encoding="UTF-8"?>
<!-- Generated by org.testng.reporters.JUnitReportReporter -->
<testsuite skipped="0" hostname="YP1009097DT" name="com.YOU.qa.tests.InfogramPageTest" tests="1" failures="0" timestamp="17 Jun 2019 06:59:40 GMT" time="44.566" errors="0">
  <testcase name="userNameOnInfogramPageTest" time="44.566" classname="com.YOU.qa.tests.InfogramPageTest"/>
</testsuite> <!-- com.YOU.qa.tests.InfogramPageTest -->
