<?xml version="1.0" encoding="UTF-8"?>
<!-- Generated by org.testng.reporters.JUnitReportReporter -->
<testsuite skipped="0" hostname="YP1009097DT" name="com.YOU.qa.tests.HomePageTest" tests="4" failures="0" timestamp="17 Jun 2019 06:59:40 GMT" time="101.276" errors="0">
  <testcase name="isYashLogoDisplayedTest" time="22.961" classname="com.YOU.qa.tests.HomePageTest"/>
  <testcase name="userNameOnHomePageTest" time="23.395" classname="com.YOU.qa.tests.HomePageTest"/>
  <testcase name="noOFSharedServicesTest" time="26.334" classname="com.YOU.qa.tests.HomePageTest"/>
  <testcase name="isYOULogoDisplayedTest" time="28.586" classname="com.YOU.qa.tests.HomePageTest"/>
</testsuite> <!-- com.YOU.qa.tests.HomePageTest -->
